<?xml version="1.0" encoding="UTF-8"?>
<!-- Generated by org.testng.reporters.JUnitReportReporter -->
<testsuite hostname="JENSI" failures="0" tests="1" name="com.qa.tests.PostAPITest" time="1.577" errors="0" timestamp="18 Jul 2023 12:18:07 GMT" skipped="0">
  <testcase classname="com.qa.tests.PostAPITest" name="postAPITest" time="1.577"/>
</testsuite> <!-- com.qa.tests.PostAPITest -->
