<?xml version="1.0" encoding="UTF-8"?>
<!-- Generated by org.testng.reporters.JUnitReportReporter -->
<testsuite hostname="JENSI" failures="0" tests="1" name="com.qa.tests.PutAPITest" time="3.313" errors="0" timestamp="19 Jul 2023 16:32:20 GMT" skipped="0">
  <testcase classname="com.qa.tests.PutAPITest" name="putAPITest" time="3.313"/>
</testsuite> <!-- com.qa.tests.PutAPITest -->
