<?xml version="1.0" encoding="UTF-8"?>
<!-- Generated by org.testng.reporters.JUnitReportReporter -->
<testsuite hostname="JENSI" failures="0" tests="2" name="com.qa.tests.GetAPITest" time="7.795" errors="0" timestamp="14 Jul 2023 18:29:10 GMT" skipped="0">
  <testcase classname="com.qa.tests.GetAPITest" name="getAPIWithoutHeadersTest" time="7.654"/>
  <testcase classname="com.qa.tests.GetAPITest" name="getAPIWithHeadersTest" time="0.141"/>
</testsuite> <!-- com.qa.tests.GetAPITest -->
