<?xml version="1.0" encoding="UTF-8"?>
<!-- Generated by org.testng.reporters.JUnitReportReporter -->
<testsuite hostname="JENSI" failures="0" tests="1" name="com.qa.tests.DeleteCallTest" time="0.928" errors="0" timestamp="19 Jul 2023 16:59:44 GMT" skipped="0">
  <testcase classname="com.qa.tests.DeleteCallTest" name="deleteAPIUser" time="0.928"/>
</testsuite> <!-- com.qa.tests.DeleteCallTest -->
