<?xml version="1.0" encoding="UTF-8"?>
<!-- Generated by org.testng.reporters.JUnitReportReporter -->
<testsuite hostname="JENSI" failures="0" tests="2" name="com.qa.tests.GetAPITest" time="0.255" errors="0" timestamp="18 Jul 2023 15:45:24 GMT" skipped="0">
  <testcase classname="com.qa.tests.GetAPITest" name="getAPIWithoutHeadersTest" time="0.136"/>
  <testcase classname="com.qa.tests.GetAPITest" name="getAPIWithHeadersTest" time="0.119"/>
</testsuite> <!-- com.qa.tests.GetAPITest -->
