<?xml version="1.0" encoding="UTF-8"?>
<!-- Generated by org.testng.reporters.JUnitReportReporter -->
<testsuite hostname="JENSI" failures="0" tests="1" name="com.qa.tests.PostAPITest" time="2.349" errors="0" timestamp="18 Jul 2023 15:45:24 GMT" skipped="0">
  <testcase classname="com.qa.tests.PostAPITest" name="postAPITest" time="2.349"/>
</testsuite> <!-- com.qa.tests.PostAPITest -->
